16:56:48 GMT+0300 (East Africa Time) [INFO]: spawning binary with command: /home/chacha/.config/Code - OSS/User/globalStorage/tabnine.tabnine-vscode/binaries/4.175.0/x86_64-unknown-linux-musl/TabNine args: --tls_config insecure=false --no-lsp=true --client=vscode --client-metadata clientVersion=1.90.0 pluginVersion=3.120.0 t9-vscode-AutoImportEnabled=true t9-vscode-TSAutoImportEnabled=true t9-vscode-JSAutoImportEnabled=true vscode-telemetry-enabled=true vscode-remote=false vscode-extension-kind=1 vscode-theme-name=Catppuccin Macchiato vscode-theme-kind=Dark vscode-machine-id=someValue.machineId vscode-is-new-app-install=false vscode-session-id=someValue.sessionId vscode-language=en vscode-app-name=Code - OSS vscode-beta-channel-enabled=false vscode-status-customization=unknown vscode-inline-api-enabled=true vscode-code-lens-enabled=true vscode-found-intellicode=false ide-restart-counter=0 

16:56:48 GMT+0300 (East Africa Time) [DEBUG]: capabilities resolved immediately 

16:56:52 GMT+0300 (East Africa Time) [DEBUG]: Updating root paths for project zathura: ["/home/chacha/.config/zathura"] 

16:56:52 GMT+0300 (East Africa Time) [ERROR]: Error: Binary request timed out. {"State":{}} 

16:57:22 GMT+0300 (East Africa Time) [DEBUG]: Updating root paths for project zathura: ["/home/chacha/.config/zathura"] 

16:57:52 GMT+0300 (East Africa Time) [DEBUG]: Updating root paths for project zathura: ["/home/chacha/.config/zathura"] 

16:58:22 GMT+0300 (East Africa Time) [DEBUG]: Updating root paths for project zathura: ["/home/chacha/.config/zathura"] 

16:58:52 GMT+0300 (East Africa Time) [DEBUG]: Updating root paths for project zathura: ["/home/chacha/.config/zathura"] 

16:59:22 GMT+0300 (East Africa Time) [DEBUG]: Updating root paths for project zathura: ["/home/chacha/.config/zathura"] 

16:59:52 GMT+0300 (East Africa Time) [DEBUG]: Updating root paths for project zathura: ["/home/chacha/.config/zathura"] 

17:00:22 GMT+0300 (East Africa Time) [DEBUG]: Updating root paths for project zathura: ["/home/chacha/.config/zathura"] 

17:00:52 GMT+0300 (East Africa Time) [DEBUG]: Updating root paths for project zathura: ["/home/chacha/.config/zathura"] 

17:01:22 GMT+0300 (East Africa Time) [DEBUG]: Updating root paths for project zathura: ["/home/chacha/.config/zathura"] 

17:01:52 GMT+0300 (East Africa Time) [DEBUG]: Updating root paths for project zathura: ["/home/chacha/.config/zathura"] 

17:02:22 GMT+0300 (East Africa Time) [DEBUG]: Updating root paths for project zathura: ["/home/chacha/.config/zathura"] 

17:02:52 GMT+0300 (East Africa Time) [DEBUG]: Updating root paths for project zathura: ["/home/chacha/.config/zathura"] 

17:03:22 GMT+0300 (East Africa Time) [DEBUG]: Updating root paths for project zathura: ["/home/chacha/.config/zathura"] 

17:03:52 GMT+0300 (East Africa Time) [DEBUG]: Updating root paths for project zathura: ["/home/chacha/.config/zathura"] 

17:04:22 GMT+0300 (East Africa Time) [DEBUG]: Updating root paths for project zathura: ["/home/chacha/.config/zathura"] 

17:04:52 GMT+0300 (East Africa Time) [DEBUG]: Updating root paths for project zathura: ["/home/chacha/.config/zathura"] 

17:05:22 GMT+0300 (East Africa Time) [DEBUG]: Updating root paths for project zathura: ["/home/chacha/.config/zathura"] 

17:05:52 GMT+0300 (East Africa Time) [DEBUG]: Updating root paths for project zathura: ["/home/chacha/.config/zathura"] 

17:06:22 GMT+0300 (East Africa Time) [DEBUG]: Updating root paths for project zathura: ["/home/chacha/.config/zathura"] 

17:06:52 GMT+0300 (East Africa Time) [DEBUG]: Updating root paths for project zathura: ["/home/chacha/.config/zathura"] 

17:07:22 GMT+0300 (East Africa Time) [DEBUG]: Updating root paths for project zathura: ["/home/chacha/.config/zathura"] 

17:07:49 GMT+0300 (East Africa Time) [ERROR]: Error: Binary request timed out. {"Autocomplete":{"filename":"/home/chacha/.config/Code - OSS/User/settings.json","before":"{\n    \"workbench.sideBar.location\": \"right\",\n    \"workbench.colorTheme\": \"Catppuccin Macchiato\",\n    \"workbench.iconTheme\": \"catppuccin-macchiato\",\n    \"explorer.confirmDelete\": false,\n    \"editor.fontFamily\": \"Cascadia Code\",\n    \"editor.fontLigatures\": \"r","after":"\",\n    \"workbench.preferredHighContrastLightColorTheme\": \"Catppuccin Macchiato\",\n    \"workbench.preferredLightColorTheme\": \"Catppuccin Macchiato\",\n    \"workbench.colorCustomizations\": {\n        \"[Catppuccin Latte]\": {}\n    },\n    \"editor.fontSize\": 20,\n    \"editor.fontVariations\": false,\n    \"tabnine.experimentalAutoImports\": true\n\n}\n\n\n","region_includes_beginning":true,"region_includes_end":true,"max_num_results":5,"offset":257,"line":6,"character":30,"indentation_size":4}} 

17:07:52 GMT+0300 (East Africa Time) [DEBUG]: Updating root paths for project zathura: ["/home/chacha/.config/zathura"] 

17:08:22 GMT+0300 (East Africa Time) [DEBUG]: Updating root paths for project zathura: ["/home/chacha/.config/zathura"] 

17:08:36 GMT+0300 (East Africa Time) [WARN]: assistant is closing 

