2024-07-03 17:08:46.187 [info] Started local extension host with pid 49044.
2024-07-03 17:08:52.304 [error] Unable to write into user settings because the file has unsaved changes. Please save the user settings file first and then try again.: CodeExpectedError: Unable to write into user settings because the file has unsaved changes. Please save the user settings file first and then try again.
    at p.y (vscode-file://vscode-app/usr/lib/code/out/vs/workbench/workbench.desktop.main.js:2067:8488)
    at p.E (vscode-file://vscode-app/usr/lib/code/out/vs/workbench/workbench.desktop.main.js:2067:12802)
    at p.n (vscode-file://vscode-app/usr/lib/code/out/vs/workbench/workbench.desktop.main.js:2067:5334)
    at Object.factory (vscode-file://vscode-app/usr/lib/code/out/vs/workbench/workbench.desktop.main.js:2067:5234)
    at R.j (vscode-file://vscode-app/usr/lib/code/out/vs/workbench/workbench.desktop.main.js:138:17938)
    at vscode-file://vscode-app/usr/lib/code/out/vs/workbench/workbench.desktop.main.js:138:17848
    at new Promise (<anonymous>)
    at R.queue (vscode-file://vscode-app/usr/lib/code/out/vs/workbench/workbench.desktop.main.js:138:17787)
    at p.writeConfiguration (vscode-file://vscode-app/usr/lib/code/out/vs/workbench/workbench.desktop.main.js:2067:5203)
    at W.Hb (vscode-file://vscode-app/usr/lib/code/out/vs/workbench/workbench.desktop.main.js:2067:32905)
    at async Promise.all (index 0)
    at async Object.te [as settled] (vscode-file://vscode-app/usr/lib/code/out/vs/workbench/workbench.desktop.main.js:138:24509)
    at async W.updateValue (vscode-file://vscode-app/usr/lib/code/out/vs/workbench/workbench.desktop.main.js:2067:20080)
2024-07-03 17:08:54.686 [error] Unable to write into user settings because the file has unsaved changes. Please save the user settings file first and then try again.: CodeExpectedError: Unable to write into user settings because the file has unsaved changes. Please save the user settings file first and then try again.
    at p.y (vscode-file://vscode-app/usr/lib/code/out/vs/workbench/workbench.desktop.main.js:2067:8488)
    at p.E (vscode-file://vscode-app/usr/lib/code/out/vs/workbench/workbench.desktop.main.js:2067:12802)
    at p.n (vscode-file://vscode-app/usr/lib/code/out/vs/workbench/workbench.desktop.main.js:2067:5334)
    at Object.factory (vscode-file://vscode-app/usr/lib/code/out/vs/workbench/workbench.desktop.main.js:2067:5234)
    at R.j (vscode-file://vscode-app/usr/lib/code/out/vs/workbench/workbench.desktop.main.js:138:17938)
    at vscode-file://vscode-app/usr/lib/code/out/vs/workbench/workbench.desktop.main.js:138:17848
    at new Promise (<anonymous>)
    at R.queue (vscode-file://vscode-app/usr/lib/code/out/vs/workbench/workbench.desktop.main.js:138:17787)
    at p.writeConfiguration (vscode-file://vscode-app/usr/lib/code/out/vs/workbench/workbench.desktop.main.js:2067:5203)
    at W.Hb (vscode-file://vscode-app/usr/lib/code/out/vs/workbench/workbench.desktop.main.js:2067:32905)
    at async Promise.all (index 0)
    at async Object.te [as settled] (vscode-file://vscode-app/usr/lib/code/out/vs/workbench/workbench.desktop.main.js:138:24509)
    at async W.updateValue (vscode-file://vscode-app/usr/lib/code/out/vs/workbench/workbench.desktop.main.js:2067:20080)
2024-07-03 17:08:54.700 [info] [perf] Render performance baseline is 240ms
