2024-07-03 16:49:32.642 [info] Added views:workbench.panel.markers.view in workbench.panel.markers
2024-07-03 16:49:32.642 [info] Added views:workbench.panel.output in workbench.panel.output
2024-07-03 16:49:32.642 [info] Added views:terminal in terminal
2024-07-03 16:49:32.642 [info] Added views:outline in workbench.view.explorer
2024-07-03 16:49:32.642 [info] Added views:workbench.scm in workbench.view.scm
2024-07-03 16:49:32.642 [info] Added views:workbench.view.search in workbench.view.search
2024-07-03 16:49:32.642 [info] Added views:timeline in workbench.view.explorer
2024-07-03 16:49:32.642 [info] Added views:workbench.explorer.fileView in workbench.view.explorer
2024-07-03 16:49:33.772 [info] Added views:workbench.debug.welcome in workbench.view.debug
2024-07-03 16:49:35.611 [info] Added views:workbench.panel.repl.view in workbench.panel.repl
2024-07-03 16:49:39.195 [info] Added views:~remote.forwardedPorts in ~remote.forwardedPortsContainer
2024-07-03 16:54:54.187 [info] Added views:workbench.views.extensions.installed,workbench.views.extensions.popular,extensions.recommendedList in workbench.view.extensions
2024-07-03 16:54:54.200 [info] Removed views:workbench.views.extensions.popular from workbench.view.extensions
2024-07-03 16:55:01.311 [info] Removed views:extensions.recommendedList,workbench.views.extensions.installed from workbench.view.extensions
2024-07-03 16:55:01.345 [info] Added views:workbench.views.extensions.marketplace in workbench.view.extensions
2024-07-03 16:55:35.156 [info] Removed views:workbench.views.extensions.marketplace from workbench.view.extensions
2024-07-03 16:55:35.189 [info] Added views:workbench.views.extensions.installed,extensions.recommendedList in workbench.view.extensions
2024-07-03 16:55:36.551 [info] Removed views:extensions.recommendedList,workbench.views.extensions.installed from workbench.view.extensions
2024-07-03 16:55:36.580 [info] Added views:workbench.views.extensions.marketplace in workbench.view.extensions
2024-07-03 16:56:00.844 [info] Added views:workbench.panel.comments in workbench.panel.comments
2024-07-03 16:56:01.465 [info] Removed views:workbench.views.extensions.marketplace from workbench.view.extensions
2024-07-03 16:56:01.516 [info] Added views:workbench.views.extensions.installed,extensions.recommendedList in workbench.view.extensions
2024-07-03 16:56:06.910 [info] Removed views:extensions.recommendedList,workbench.views.extensions.installed from workbench.view.extensions
2024-07-03 16:56:06.937 [info] Added views:workbench.views.extensions.marketplace in workbench.view.extensions
2024-07-03 16:56:34.472 [info] Removed views:workbench.views.extensions.marketplace from workbench.view.extensions
2024-07-03 16:56:34.512 [info] Added views:workbench.views.extensions.installed,extensions.recommendedList in workbench.view.extensions
2024-07-03 16:56:36.653 [info] Removed views:extensions.recommendedList,workbench.views.extensions.installed from workbench.view.extensions
2024-07-03 16:56:36.681 [info] Added views:workbench.views.extensions.marketplace in workbench.view.extensions
2024-07-03 16:56:51.285 [info] Added views:tabnine.loading in workbench.view.extension.tabnine
2024-07-03 16:56:53.120 [info] Removed views:tabnine.loading from workbench.view.extension.tabnine
2024-07-03 16:56:53.121 [info] Added views:tabnine.chat.authenticate in workbench.view.extension.tabnine
2024-07-03 17:00:43.010 [info] Removed views:workbench.views.extensions.marketplace from workbench.view.extensions
2024-07-03 17:00:43.046 [info] Added views:workbench.views.extensions.installed,extensions.recommendedList in workbench.view.extensions
2024-07-03 17:02:37.452 [info] Removed views:tabnine.chat.authenticate from workbench.view.extension.tabnine
2024-07-03 17:02:37.456 [info] Added views:tabnine.chat in workbench.view.extension.tabnine
