[72470][1720970667155][main][info]["Booting Postman 11.3.2, linux-6.9.5-1-MANJARO on x64"]
[72470][1720970667173][main][info]["EventBus~initialize - Success"]
[72470][1720970667183][main][info]["Proxy configuration has not been setup"]
[72470][1720970667185][main][info]["CloudProxyManager~init - Success"]
[72470][1720970667202][main][info]["performShellDataMigration: Starting shell data migration"]
[72470][1720970667204][main][info]["migrateShellData:Starting"]
[72470][1720970667262][main][info]["migrateShellData: Old storage cleaned up"]
[72470][1720970667890][main][info]["migrateShellData: Got data from shell. Writing to storage"]
[72470][1720970667907][main][info]["performShellDataMigration: Migration successful on try count 1"]
[72470][1720970667934][main][info]["UpdateHandler~init - Success"]
[72470][1720970667944][main][info]["LeaderSelection: Initialized successfully"]
[72470][1720970667947][main][info]["VersionDependencyService: Initialized successfully"]
[72470][1720970667984][main][info]["Generated root certificate for linux"]
[72470][1720970667994][main][info]["LinuxAutoUpdater~Cleanup - Initial cleanup successful"]
[72470][1720970668076][main][info]["GPU detected VID 32902 DID 16032 ACTIVE true"]
[72470][1720970668091][main][info]["newAccountRegionPreferenceService~getPreferenceWithFallback - Preference not found in storage."]
[72470][1720970668092][main][info]["newAccountRegionPreferenceService~getToggleMenuTemplate - Using preference:","useUSRegion"]
[72470][1720970668223][main][info]["shellController~init: Success"]
[72470][1720970668279][main][info]["shellMeta~init: Success"]
[72470][1720970668281][main][info]["partitionMigrationService: State of V7 partition:"]
[72470][1720970668282][main][info]["partitionMigrationService: V7 partitions",[]]
[72470][1720970668283][main][info]["partitionMigrationService~rectifyNamespaceOfScratchPadPartition: There is no partition with scratchpad namespace"]
[72470][1720970668284][main][info]["partitionMigrationService~rectifyNamespaceOfScratchPadPartition: There is no transit partition which could have been used for scratchpad"]
[72470][1720970668285][main][info]["partitionMigrationService~init: Success"]
[72470][1720970668317][main][info]["proxyCertificateService~ensureRootCAPresence: Deleting and creating new certificates"]
[72470][1720970668321][main][info]["partitionMigrationService~runV8PartitionsIntegrity: Two way migration~ removing the following partitions from v8",[]]
[72470][1720970668367][main][info]["userPartitionService~_rectifyTheActivePartitionOfApplication: Setting the active partition to ",null]
[72470][1720970668410][main][info]["userPartitionService~init: Success"]
[72470][1720970668459][main][info]["userPartitionService: State of v8 partition system:"]
[72470][1720970668471][main][info]["shell~init~getPartitionToLoad: loading scratchpad partition"]
[72470][1720970668481][main][info]["userPartitionService: List of partitions:",[]]
[72470][1720970668482][main][info]["userPartitionService: users global meta:",{}]
[72470][1720970668613][main][info]["Main:windowManager~newRequesterWindow: Fetch and update runtime config: undefined"]
[72470][1720970682347][main][info]["RuntimeIPCAgent~started: Success"]
[72470][1720970684447][main][info]["Main~scratchpadThemeAction:: action: set, value: dark"]
[72470][1720970684458][main][info]["Main~scratchpadThemeAction:: action: set, value: dark"]
[72470][1720970684461][main][info]["Main~scratchpadThemeAction:: action: set, value: dark"]
[72470][1720970684555][main][info]["UpdateHandler~app-update-events - Received event",{"name":"checkForElectronVersionUpdated","namespace":"appUpdate"}]
[72470][1720970684600][main][info]["windowManager: First requester booted successfully."]
[72470][1720970684602][main][info]["windowManager~restoreWindows: Restoring requester windows"]
[72470][1720970684604][main][info]["Main~AppEvents - Received booted event for process requester.Version undefined UI Version: undefined Desktop Platform Version: 11.3.2"]
[72470][1720970691384][main][info]["VersionDependencyService: Resetting UI version as user logged out/switched account"]
[72470][1720970691386][main][info]["Main - model-events~user - (users, add) received"]
[72470][1720970692722][main][info]["AuthHandler~open: Received dom-ready event."]
[72470][1720970692758][main][info]["AuthHandler~open: Received did-finish-load event."]
[72470][1720970693352][main][warn]["AuthHandler~open: Current app is not default protocol client - Falling back to polling mechanism."]
[72470][1720970693361][main][info]["newAccountRegionPreferenceService~getPreferenceWithFallback - Preference not found in storage."]
[72470][1720970693362][main][info]["newAccountRegionPreferenceService~getRegionPreference - Using preference:","useUSRegion"]
[72470][1720970693364][main][info]["AuthHandler~open: new Account region preference:","us"]
[72470][1720970693365][main][info]["AuthHandler~open: get multiLoginToken token."]
[72470][1720970693372][main][info]["AuthHandler~open: Publishing initialize event to auth-window channel."]
[72470][1720970797384][main][info]["userPartitionService: State of v8 partition system:"]
[72470][1720970797411][main][info]["shell~init~getPartitionToLoad: loading scratchpad partition"]
[72470][1720970797455][main][info]["userPartitionService: List of partitions:",[{"partitionId":"40687319-7473-42fe-97bf-fb80301b8b30","namespace":"scratchPad","userId":0,"teamId":0,"isDirty":false}]]
[72470][1720970797457][main][info]["userPartitionService: users global meta:",{}]
[72470][1720970797468][main][info]["Main:windowManager~newRequesterWindow: Fetch and update runtime config: undefined"]
[72470][1720970806233][main][info]["Main~scratchpadThemeAction:: action: set, value: dark"]
[72470][1720970806247][main][info]["Main~scratchpadThemeAction:: action: set, value: dark"]
[72470][1720970806251][main][info]["Main~scratchpadThemeAction:: action: set, value: dark"]
[72470][1720970806342][main][info]["UpdateHandler~app-update-events - Received event",{"name":"checkForElectronVersionUpdated","namespace":"appUpdate"}]
[72470][1720970806377][main][info]["windowManager: First requester booted successfully."]
[72470][1720970806378][main][info]["windowManager~restoreWindows: Restoring requester windows"]
[72470][1720970806379][main][info]["Main~AppEvents - Received booted event for process requester.Version undefined UI Version: undefined Desktop Platform Version: 11.3.2"]
[72470][1720971490097][main][info]["WindowManager~closeHandler - Closed Window (id: 4 )"]
[72470][1720971490118][main][info]["Quitting app"]
[57208][1721138804358][main][info]["Booting Postman 11.3.2, linux-6.9.5-1-MANJARO on x64"]
[57208][1721138804371][main][info]["EventBus~initialize - Success"]
[57208][1721138804381][main][info]["Proxy configuration has not been setup"]
[57208][1721138804383][main][info]["CloudProxyManager~init - Success"]
[57208][1721138804458][main][info]["performShellDataMigration: Migration has already been done. Bailing out"]
[57208][1721138804484][main][info]["UpdateHandler~init - Success"]
[57208][1721138804491][main][info]["LeaderSelection: Initialized successfully"]
[57208][1721138804495][main][info]["VersionDependencyService: Initialized successfully"]
[57208][1721138804522][main][info]["LinuxAutoUpdater~Cleanup - Initial cleanup successful"]
[57208][1721138804626][main][info]["GPU detected VID 32902 DID 16032 ACTIVE true"]
[57208][1721138804645][main][info]["newAccountRegionPreferenceService~getPreferenceWithFallback - Preference not found in storage."]
[57208][1721138804646][main][info]["newAccountRegionPreferenceService~getToggleMenuTemplate - Using preference:","useUSRegion"]
[57208][1721138804704][main][info]["shellController~init: Success"]
[57208][1721138804739][main][info]["shellMeta~init: Success"]
[57208][1721138804740][main][info]["partitionMigrationService: State of V7 partition:"]
[57208][1721138804742][main][info]["partitionMigrationService: V7 partitions",[]]
[57208][1721138804743][main][info]["partitionMigrationService~rectifyNamespaceOfScratchPadPartition: There is no partition with scratchpad namespace"]
[57208][1721138804744][main][info]["partitionMigrationService~rectifyNamespaceOfScratchPadPartition: There is no transit partition which could have been used for scratchpad"]
[57208][1721138804745][main][info]["partitionMigrationService~init: Success"]
[57208][1721138804781][main][info]["partitionMigrationService~runV8PartitionsIntegrity: Two way migration~ removing the following partitions from v8",[]]
[57208][1721138804811][main][info]["userPartitionService~_rectifyTheActivePartitionOfApplication: Setting the active partition to ",null]
[57208][1721138804841][main][info]["userPartitionService~init: Success"]
[57208][1721138804889][main][info]["userPartitionService: State of v8 partition system:"]
[57208][1721138804901][main][info]["shell~init~getPartitionToLoad: loading scratchpad partition"]
[57208][1721138804908][main][info]["userPartitionService: List of partitions:",[{"partitionId":"40687319-7473-42fe-97bf-fb80301b8b30","namespace":"scratchPad","userId":0,"teamId":0,"isDirty":false}]]
[57208][1721138804909][main][info]["userPartitionService: users global meta:",{}]
[57208][1721138804926][main][info]["Main:windowManager~newRequesterWindow: Fetch and update runtime config: undefined"]
[57208][1721138818415][main][info]["RuntimeIPCAgent~started: Success"]
[57208][1721138819622][main][info]["Main~scratchpadThemeAction:: action: set, value: dark"]
[57208][1721138819634][main][info]["Main~scratchpadThemeAction:: action: set, value: dark"]
[57208][1721138819638][main][info]["Main~scratchpadThemeAction:: action: set, value: dark"]
[57208][1721138819718][main][info]["UpdateHandler~app-update-events - Received event",{"name":"checkForElectronVersionUpdated","namespace":"appUpdate"}]
[57208][1721138819759][main][info]["windowManager: First requester booted successfully."]
[57208][1721138819760][main][info]["windowManager~restoreWindows: Restoring requester windows"]
[57208][1721138819762][main][info]["Main~AppEvents - Received booted event for process requester.Version undefined UI Version: undefined Desktop Platform Version: 11.3.2"]
[57208][1721138830707][main][info]["UpdateHandler~app-update-events - Received event",{"name":"updateElectron","namespace":"appUpdate","data":{"channel":"stable","version":"11.3.2","downloadVersion":"11.4.0","appId":"cc4dc45d-7530-42b3-bccf-f403d044e467","userAgent":"Mozilla/5.0 (X11; Linux x86_64) AppleWebKit/537.36 (KHTML, like Gecko) Postman/11.3.2 Electron/20.3.11 Safari/537.36","platform":"LINUX","arch":"64","downloadURL":"https://dl.pstmn.io/download/version/11.4.0/linux_64","updateServerDomain":"https://dl.pstmn.io/","additionalParamsString":"installationId=cc4dc45d-7530-42b3-bccf-f403d044e467&userId=0&syncEnabled=false&teamPlan=&teamId=0","userId":"0"}}]
[57208][1721138830710][main][info]["LinuxUpdater~downloadUpdate - UpdateInfo received",{"channel":"stable","version":"11.3.2","downloadVersion":"11.4.0","appId":"cc4dc45d-7530-42b3-bccf-f403d044e467","userAgent":"Mozilla/5.0 (X11; Linux x86_64) AppleWebKit/537.36 (KHTML, like Gecko) Postman/11.3.2 Electron/20.3.11 Safari/537.36","platform":"LINUX","arch":"64","downloadURL":"https://dl.pstmn.io/download/version/11.4.0/linux_64","updateServerDomain":"https://dl.pstmn.io/","additionalParamsString":"installationId=cc4dc45d-7530-42b3-bccf-f403d044e467&userId=0&syncEnabled=false&teamPlan=&teamId=0","userId":"0"}]
[57208][1721138831293][main][info]["@postman/app-updater: error",{"errno":-13,"code":"EACCES","syscall":"open","path":"/opt/postman/Postman-1721138830711.tar.gz","name":"Error","message":"EACCES: permission denied, open '/opt/postman/Postman-1721138830711.tar.gz'","stack":"Error: EACCES: permission denied, open '/opt/postman/Postman-1721138830711.tar.gz'"},{"packageName":"Postman","eID":"Postman-1721138830711","downloadURL":"https://dl.pstmn.io/download/version/11.4.0/linux_64","downloadDirectory":"/opt/postman","downloadInfo":{"status":"DOWNLOAD_ERROR","error":{"errno":-13,"code":"EACCES","syscall":"open","path":"/opt/postman/Postman-1721138830711.tar.gz"},"downloadDirectory":"/opt/postman"}}]
[57208][1721138831295][main][info]["UpdateHandler~app-update-events - Received event",{"name":"electronAppUpdateError","namespace":"appUpdate","data":{"error":{"errno":-13,"code":"EACCES","syscall":"open","path":"/opt/postman/Postman-1721138830711.tar.gz","name":"Error","message":"EACCES: permission denied, open '/opt/postman/Postman-1721138830711.tar.gz'","stack":"Error: EACCES: permission denied, open '/opt/postman/Postman-1721138830711.tar.gz'"},"updateData":{"packageName":"Postman","eID":"Postman-1721138830711","downloadURL":"https://dl.pstmn.io/download/version/11.4.0/linux_64","downloadDirectory":"/opt/postman","downloadInfo":{"status":"DOWNLOAD_ERROR","error":{"errno":-13,"code":"EACCES","syscall":"open","path":"/opt/postman/Postman-1721138830711.tar.gz"},"downloadDirectory":"/opt/postman"}}}}]
[57208][1721141679287][main][info]["Quitting app"]
[21644][1721143529057][main][info]["Booting Postman 11.3.2, linux-6.9.5-1-MANJARO on x64"]
[21644][1721143529069][main][info]["EventBus~initialize - Success"]
[21644][1721143529079][main][info]["Proxy configuration has not been setup"]
[21644][1721143529081][main][info]["CloudProxyManager~init - Success"]
[21644][1721143529153][main][info]["performShellDataMigration: Migration has already been done. Bailing out"]
[21644][1721143529177][main][info]["UpdateHandler~init - Success"]
[21644][1721143529184][main][info]["LeaderSelection: Initialized successfully"]
[21644][1721143529188][main][info]["VersionDependencyService: Initialized successfully"]
[21644][1721143529214][main][info]["LinuxAutoUpdater~Cleanup - Initial cleanup successful"]
[21644][1721143529298][main][info]["GPU detected VID 32902 DID 16032 ACTIVE true"]
[21644][1721143529311][main][info]["newAccountRegionPreferenceService~getPreferenceWithFallback - Preference not found in storage."]
[21644][1721143529312][main][info]["newAccountRegionPreferenceService~getToggleMenuTemplate - Using preference:","useUSRegion"]
[21644][1721143529390][main][info]["shellController~init: Success"]
[21644][1721143529412][main][info]["shellMeta~init: Success"]
[21644][1721143529413][main][info]["partitionMigrationService: State of V7 partition:"]
[21644][1721143529414][main][info]["partitionMigrationService: V7 partitions",[]]
[21644][1721143529416][main][info]["partitionMigrationService~rectifyNamespaceOfScratchPadPartition: There is no partition with scratchpad namespace"]
[21644][1721143529416][main][info]["partitionMigrationService~rectifyNamespaceOfScratchPadPartition: There is no transit partition which could have been used for scratchpad"]
[21644][1721143529417][main][info]["partitionMigrationService~init: Success"]
[21644][1721143529454][main][info]["partitionMigrationService~runV8PartitionsIntegrity: Two way migration~ removing the following partitions from v8",[]]
[21644][1721143529471][main][info]["userPartitionService~_rectifyTheActivePartitionOfApplication: Setting the active partition to ",null]
[21644][1721143529504][main][info]["userPartitionService~init: Success"]
[21644][1721143529558][main][info]["userPartitionService: State of v8 partition system:"]
[21644][1721143529568][main][info]["shell~init~getPartitionToLoad: loading scratchpad partition"]
[21644][1721143529574][main][info]["userPartitionService: List of partitions:",[{"partitionId":"40687319-7473-42fe-97bf-fb80301b8b30","namespace":"scratchPad","userId":0,"teamId":0,"isDirty":false}]]
[21644][1721143529575][main][info]["userPartitionService: users global meta:",{}]
[21644][1721143529593][main][info]["Main:windowManager~newRequesterWindow: Fetch and update runtime config: undefined"]
[21644][1721143544054][main][info]["RuntimeIPCAgent~started: Success"]
[21644][1721143545080][main][info]["Main~scratchpadThemeAction:: action: set, value: dark"]
[21644][1721143545092][main][info]["Main~scratchpadThemeAction:: action: set, value: dark"]
[21644][1721143545097][main][info]["Main~scratchpadThemeAction:: action: set, value: dark"]
[21644][1721143545187][main][info]["UpdateHandler~app-update-events - Received event",{"name":"checkForElectronVersionUpdated","namespace":"appUpdate"}]
[21644][1721143545221][main][info]["windowManager: First requester booted successfully."]
[21644][1721143545223][main][info]["windowManager~restoreWindows: Restoring requester windows"]
[21644][1721143545224][main][info]["Main~AppEvents - Received booted event for process requester.Version undefined UI Version: undefined Desktop Platform Version: 11.3.2"]
[21644][1721143556260][main][info]["UpdateHandler~app-update-events - Received event",{"name":"updateElectron","namespace":"appUpdate","data":{"channel":"stable","version":"11.3.2","downloadVersion":"11.4.0","appId":"cc4dc45d-7530-42b3-bccf-f403d044e467","userAgent":"Mozilla/5.0 (X11; Linux x86_64) AppleWebKit/537.36 (KHTML, like Gecko) Postman/11.3.2 Electron/20.3.11 Safari/537.36","platform":"LINUX","arch":"64","downloadURL":"https://dl.pstmn.io/download/version/11.4.0/linux_64","updateServerDomain":"https://dl.pstmn.io/","additionalParamsString":"installationId=cc4dc45d-7530-42b3-bccf-f403d044e467&userId=0&syncEnabled=false&teamPlan=&teamId=0","userId":"0"}}]
[21644][1721143556262][main][info]["LinuxUpdater~downloadUpdate - UpdateInfo received",{"channel":"stable","version":"11.3.2","downloadVersion":"11.4.0","appId":"cc4dc45d-7530-42b3-bccf-f403d044e467","userAgent":"Mozilla/5.0 (X11; Linux x86_64) AppleWebKit/537.36 (KHTML, like Gecko) Postman/11.3.2 Electron/20.3.11 Safari/537.36","platform":"LINUX","arch":"64","downloadURL":"https://dl.pstmn.io/download/version/11.4.0/linux_64","updateServerDomain":"https://dl.pstmn.io/","additionalParamsString":"installationId=cc4dc45d-7530-42b3-bccf-f403d044e467&userId=0&syncEnabled=false&teamPlan=&teamId=0","userId":"0"}]
[21644][1721143556857][main][info]["@postman/app-updater: error",{"errno":-13,"code":"EACCES","syscall":"open","path":"/opt/postman/Postman-1721143556264.tar.gz","name":"Error","message":"EACCES: permission denied, open '/opt/postman/Postman-1721143556264.tar.gz'","stack":"Error: EACCES: permission denied, open '/opt/postman/Postman-1721143556264.tar.gz'"},{"packageName":"Postman","eID":"Postman-1721143556264","downloadURL":"https://dl.pstmn.io/download/version/11.4.0/linux_64","downloadDirectory":"/opt/postman","downloadInfo":{"status":"DOWNLOAD_ERROR","error":{"errno":-13,"code":"EACCES","syscall":"open","path":"/opt/postman/Postman-1721143556264.tar.gz"},"downloadDirectory":"/opt/postman"}}]
[21644][1721143556861][main][info]["UpdateHandler~app-update-events - Received event",{"name":"electronAppUpdateError","namespace":"appUpdate","data":{"error":{"errno":-13,"code":"EACCES","syscall":"open","path":"/opt/postman/Postman-1721143556264.tar.gz","name":"Error","message":"EACCES: permission denied, open '/opt/postman/Postman-1721143556264.tar.gz'","stack":"Error: EACCES: permission denied, open '/opt/postman/Postman-1721143556264.tar.gz'"},"updateData":{"packageName":"Postman","eID":"Postman-1721143556264","downloadURL":"https://dl.pstmn.io/download/version/11.4.0/linux_64","downloadDirectory":"/opt/postman","downloadInfo":{"status":"DOWNLOAD_ERROR","error":{"errno":-13,"code":"EACCES","syscall":"open","path":"/opt/postman/Postman-1721143556264.tar.gz"},"downloadDirectory":"/opt/postman"}}}}]
[21644][1721148036572][main][info]["Quitting app"]
