2024-07-03 16:34:02.966 [info] Getting Manifest... catppuccin.catppuccin-vsc
2024-07-03 16:34:03.260 [info] Installing extension: catppuccin.catppuccin-vsc vscode-userdata:/home/chacha/.vscode-oss/extensions/extensions.json
2024-07-03 16:34:06.685 [error] Could not load vsce-sign module Cannot find module '@vscode/vsce-sign'
Require stack:
- /usr/lib/code/out/bootstrap-amd.js
- /usr/lib/code/out/bootstrap-fork.js
2024-07-03 16:34:06.685 [info] Extension signature verification is not done: catppuccin.catppuccin-vsc
2024-07-03 16:34:06.790 [info] Extracted extension to file:///home/chacha/.vscode-oss/extensions/catppuccin.catppuccin-vsc-3.14.0-universal: catppuccin.catppuccin-vsc
2024-07-03 16:34:06.806 [info] Renamed to /home/chacha/.vscode-oss/extensions/catppuccin.catppuccin-vsc-3.14.0-universal
2024-07-03 16:34:07.026 [error] [uncaught exception in sharedProcess]: Error: ENOENT: no such file or directory, stat '/home/chacha/.vscode-oss/extensions/extensions.json.vsctmp': EntryNotFound (FileSystemError): Error: ENOENT: no such file or directory, stat '/home/chacha/.vscode-oss/extensions/extensions.json.vsctmp'
    at c.create (/usr/lib/code/out/vs/code/node/sharedProcess/sharedProcessMain.js:53:19235)
    at m (/usr/lib/code/out/vs/code/node/sharedProcess/sharedProcessMain.js:53:19345)
    at t.hb (/usr/lib/code/out/vs/code/node/sharedProcess/sharedProcessMain.js:58:36685)
    at t.stat (/usr/lib/code/out/vs/code/node/sharedProcess/sharedProcessMain.js:58:29033)
    at async b.stat (/usr/lib/code/out/vs/code/node/sharedProcess/sharedProcessMain.js:58:14899)
    at async H.vb (/usr/lib/code/out/vs/code/node/sharedProcess/sharedProcessMain.js:104:117665)
2024-07-03 16:34:07.160 [info] Extension installed successfully: catppuccin.catppuccin-vsc vscode-userdata:/home/chacha/.vscode-oss/extensions/extensions.json
2024-07-03 16:34:33.331 [info] Getting Manifest... catppuccin.catppuccin-vsc-icons
2024-07-03 16:34:33.610 [info] Installing extension: catppuccin.catppuccin-vsc-icons vscode-userdata:/home/chacha/.vscode-oss/extensions/extensions.json
2024-07-03 16:35:01.492 [error] Could not load vsce-sign module Cannot find module '@vscode/vsce-sign'
Require stack:
- /usr/lib/code/out/bootstrap-amd.js
- /usr/lib/code/out/bootstrap-fork.js
2024-07-03 16:35:01.492 [info] Extension signature verification is not done: catppuccin.catppuccin-vsc-icons
2024-07-03 16:35:09.492 [info] Extracted extension to file:///home/chacha/.vscode-oss/extensions/catppuccin.catppuccin-vsc-icons-1.13.0-universal: catppuccin.catppuccin-vsc-icons
2024-07-03 16:35:09.508 [info] Renamed to /home/chacha/.vscode-oss/extensions/catppuccin.catppuccin-vsc-icons-1.13.0-universal
2024-07-03 16:35:09.738 [error] [uncaught exception in sharedProcess]: Error: ENOENT: no such file or directory, stat '/home/chacha/.vscode-oss/extensions/extensions.json.vsctmp': EntryNotFound (FileSystemError): Error: ENOENT: no such file or directory, stat '/home/chacha/.vscode-oss/extensions/extensions.json.vsctmp'
    at c.create (/usr/lib/code/out/vs/code/node/sharedProcess/sharedProcessMain.js:53:19235)
    at m (/usr/lib/code/out/vs/code/node/sharedProcess/sharedProcessMain.js:53:19345)
    at t.hb (/usr/lib/code/out/vs/code/node/sharedProcess/sharedProcessMain.js:58:36685)
    at t.stat (/usr/lib/code/out/vs/code/node/sharedProcess/sharedProcessMain.js:58:29033)
    at async b.stat (/usr/lib/code/out/vs/code/node/sharedProcess/sharedProcessMain.js:58:14899)
    at async H.vb (/usr/lib/code/out/vs/code/node/sharedProcess/sharedProcessMain.js:104:117665)
2024-07-03 16:35:09.915 [info] Extension installed successfully: catppuccin.catppuccin-vsc-icons vscode-userdata:/home/chacha/.vscode-oss/extensions/extensions.json
